<?xml version="1.0" encoding="UTF-8"?>
<!-- Generated by org.testng.reporters.JUnitReportReporter -->
<testsuite hostname="INT-QECORE-81" failures="0" tests="2" name="com.db.Regression.LoginTest3" time="11.305" errors="0" timestamp="03 Mar 2025 06:45:23 GMT" skipped="0">
  <testcase classname="com.db.Regression.LoginTest3" name="verifyLoginUi" time="0.605"/>
  <testcase classname="com.db.Regression.LoginTest3" name="verifyLogIn" time="10.700"/>
</testsuite> <!-- com.db.Regression.LoginTest3 -->
