<?xml version="1.0" encoding="UTF-8"?>
<!-- Generated by org.testng.reporters.JUnitReportReporter -->
<testsuite hostname="INT-QECORE-81" failures="0" tests="1" name="com.db.Regression.Login" time="7.853" errors="0" timestamp="26 Feb 2025 02:48:51 GMT" skipped="0">
  <testcase classname="com.db.Regression.Login" name="login" time="7.853"/>
</testsuite> <!-- com.db.Regression.Login -->
