<?xml version="1.0" encoding="UTF-8"?>
<!-- Generated by org.testng.reporters.JUnitReportReporter -->
<testsuite hostname="INT-QECORE-81" failures="0" tests="1" name="com.db.Regression.LoginTest1" time="17.793" errors="0" timestamp="26 Feb 2025 07:11:53 GMT" skipped="0">
  <testcase classname="com.db.Regression.LoginTest1" name="createTheClinic" time="17.793"/>
</testsuite> <!-- com.db.Regression.LoginTest1 -->
